<?xml version="1.0" encoding="UTF-8"?>
<testsuite xmlns:xsi="http://www.w3.org/2001/XMLSchema-instance" xsi:noNamespaceSchemaLocation="https://maven.apache.org/surefire/maven-surefire-plugin/xsd/surefire-test-report-3.0.xsd" version="3.0" name="mx.com.tarea3.util.error.ErrorCodesEnumTest" time="0.131" tests="11" errors="0" skipped="0" failures="0">
  <properties>
    <property name="java.specification.version" value="17"/>
    <property name="sun.jnu.encoding" value="UTF-8"/>
    <property name="java.class.path" value="/home/salvador/Escritorio/Tarea3/target/test-classes:/home/salvador/Escritorio/Tarea3/target/classes:/home/salvador/.m2/repository/com/auth0/java-jwt/4.5.0/java-jwt-4.5.0.jar:/home/salvador/.m2/repository/com/fasterxml/jackson/core/jackson-core/2.14.2/jackson-core-2.14.2.jar:/home/salvador/.m2/repository/com/fasterxml/jackson/core/jackson-databind/2.14.2/jackson-databind-2.14.2.jar:/home/salvador/.m2/repository/com/fasterxml/jackson/core/jackson-annotations/2.14.2/jackson-annotations-2.14.2.jar:/home/salvador/.m2/repository/io/quarkus/quarkus-smallrye-jwt/2.16.8.Final/quarkus-smallrye-jwt-2.16.8.Final.jar:/home/salvador/.m2/repository/io/smallrye/smallrye-jwt/3.6.0/smallrye-jwt-3.6.0.jar:/home/salvador/.m2/repository/org/eclipse/microprofile/config/microprofile-config-api/2.0.1/microprofile-config-api-2.0.1.jar:/home/salvador/.m2/repository/org/eclipse/microprofile/jwt/microprofile-jwt-auth-api/1.2/microprofile-jwt-auth-api-1.2.jar:/home/salvador/.m2/repository/org/bitbucket/b_c/jose4j/0.9.2/jose4j-0.9.2.jar:/home/salvador/.m2/repository/io/smallrye/smallrye-jwt-common/3.6.0/smallrye-jwt-common-3.6.0.jar:/home/salvador/.m2/repository/jakarta/annotation/jakarta.annotation-api/1.3.5/jakarta.annotation-api-1.3.5.jar:/home/salvador/.m2/repository/io/quarkus/quarkus-core/2.16.8.Final/quarkus-core-2.16.8.Final.jar:/home/salvador/.m2/repository/jakarta/inject/jakarta.inject-api/1.0/jakarta.inject-api-1.0.jar:/home/salvador/.m2/repository/io/quarkus/quarkus-ide-launcher/2.16.8.Final/quarkus-ide-launcher-2.16.8.Final.jar:/home/salvador/.m2/repository/io/quarkus/quarkus-development-mode-spi/2.16.8.Final/quarkus-development-mode-spi-2.16.8.Final.jar:/home/salvador/.m2/repository/io/smallrye/config/smallrye-config/2.13.3/smallrye-config-2.13.3.jar:/home/salvador/.m2/repository/io/smallrye/config/smallrye-config-core/2.13.3/smallrye-config-core-2.13.3.jar:/home/salvador/.m2/repository/io/smallrye/common/smallrye-common-expression/1.13.2/smallrye-common-expression-1.13.2.jar:/home/salvador/.m2/repository/io/smallrye/common/smallrye-common-function/1.13.2/smallrye-common-function-1.13.2.jar:/home/salvador/.m2/repository/io/smallrye/common/smallrye-common-classloader/1.13.2/smallrye-common-classloader-1.13.2.jar:/home/salvador/.m2/repository/io/smallrye/config/smallrye-config-common/2.13.3/smallrye-config-common-2.13.3.jar:/home/salvador/.m2/repository/org/jboss/logging/jboss-logging/3.5.0.Final/jboss-logging-3.5.0.Final.jar:/home/salvador/.m2/repository/org/jboss/logmanager/jboss-logmanager-embedded/1.0.11/jboss-logmanager-embedded-1.0.11.jar:/home/salvador/.m2/repository/org/jboss/logging/jboss-logging-annotations/2.2.1.Final/jboss-logging-annotations-2.2.1.Final.jar:/home/salvador/.m2/repository/org/jboss/threads/jboss-threads/3.4.3.Final/jboss-threads-3.4.3.Final.jar:/home/salvador/.m2/repository/org/slf4j/slf4j-api/1.7.36/slf4j-api-1.7.36.jar:/home/salvador/.m2/repository/org/jboss/slf4j/slf4j-jboss-logmanager/1.2.0.Final/slf4j-jboss-logmanager-1.2.0.Final.jar:/home/salvador/.m2/repository/org/graalvm/sdk/graal-sdk/22.3.0/graal-sdk-22.3.0.jar:/home/salvador/.m2/repository/org/wildfly/common/wildfly-common/1.5.4.Final-format-001/wildfly-common-1.5.4.Final-format-001.jar:/home/salvador/.m2/repository/io/quarkus/quarkus-bootstrap-runner/2.16.8.Final/quarkus-bootstrap-runner-2.16.8.Final.jar:/home/salvador/.m2/repository/io/quarkus/quarkus-fs-util/0.0.9/quarkus-fs-util-0.0.9.jar:/home/salvador/.m2/repository/io/quarkus/quarkus-reactive-routes/2.16.8.Final/quarkus-reactive-routes-2.16.8.Final.jar:/home/salvador/.m2/repository/io/quarkus/quarkus-vertx/2.16.8.Final/quarkus-vertx-2.16.8.Final.jar:/home/salvador/.m2/repository/io/quarkus/quarkus-netty/2.16.8.Final/quarkus-netty-2.16.8.Final.jar:/home/salvador/.m2/repository/io/netty/netty-codec/4.1.94.Final/netty-codec-4.1.94.Final.jar:/home/salvador/.m2/repository/io/netty/netty-codec-http/4.1.94.Final/netty-codec-http-4.1.94.Final.jar:/home/salvador/.m2/repository/io/netty/netty-codec-http2/4.1.94.Final/netty-codec-http2-4.1.94.Final.jar:/home/salvador/.m2/repository/io/netty/netty-handler/4.1.94.Final/netty-handler-4.1.94.Final.jar:/home/salvador/.m2/repository/io/netty/netty-transport-native-unix-common/4.1.94.Final/netty-transport-native-unix-common-4.1.94.Final.jar:/home/salvador/.m2/repository/com/aayushatharva/brotli4j/brotli4j/1.12.0/brotli4j-1.12.0.jar:/home/salvador/.m2/repository/com/aayushatharva/brotli4j/service/1.12.0/service-1.12.0.jar:/home/salvador/.m2/repository/com/aayushatharva/brotli4j/native-linux-x86_64/1.12.0/native-linux-x86_64-1.12.0.jar:/home/salvador/.m2/repository/io/netty/netty-codec-haproxy/4.1.94.Final/netty-codec-haproxy-4.1.94.Final.jar:/home/salvador/.m2/repository/io/netty/netty-buffer/4.1.94.Final/netty-buffer-4.1.94.Final.jar:/home/salvador/.m2/repository/io/netty/netty-transport/4.1.94.Final/netty-transport-4.1.94.Final.jar:/home/salvador/.m2/repository/io/quarkus/quarkus-vertx-latebound-mdc-provider/2.16.8.Final/quarkus-vertx-latebound-mdc-provider-2.16.8.Final.jar:/home/salvador/.m2/repository/io/smallrye/reactive/smallrye-mutiny-vertx-core/2.30.1/smallrye-mutiny-vertx-core-2.30.1.jar:/home/salvador/.m2/repository/io/smallrye/reactive/smallrye-mutiny-vertx-runtime/2.30.1/smallrye-mutiny-vertx-runtime-2.30.1.jar:/home/salvador/.m2/repository/io/smallrye/reactive/vertx-mutiny-generator/2.30.1/vertx-mutiny-generator-2.30.1.jar:/home/salvador/.m2/repository/io/vertx/vertx-codegen/4.3.7/vertx-codegen-4.3.7.jar:/home/salvador/.m2/repository/io/smallrye/smallrye-fault-tolerance-vertx/5.6.0/smallrye-fault-tolerance-vertx-5.6.0.jar:/home/salvador/.m2/repository/io/smallrye/common/smallrye-common-annotation/1.13.2/smallrye-common-annotation-1.13.2.jar:/home/salvador/.m2/repository/io/quarkus/quarkus-smallrye-jwt-build/2.16.8.Final/quarkus-smallrye-jwt-build-2.16.8.Final.jar:/home/salvador/.m2/repository/io/smallrye/smallrye-jwt-build/3.6.0/smallrye-jwt-build-3.6.0.jar:/home/salvador/.m2/repository/io/quarkus/quarkus-jsonp/2.16.8.Final/quarkus-jsonp-2.16.8.Final.jar:/home/salvador/.m2/repository/org/glassfish/jakarta.json/1.1.6/jakarta.json-1.1.6.jar:/home/salvador/.m2/repository/io/quarkus/quarkus-security/2.16.8.Final/quarkus-security-2.16.8.Final.jar:/home/salvador/.m2/repository/io/quarkus/quarkus-security-runtime-spi/2.16.8.Final/quarkus-security-runtime-spi-2.16.8.Final.jar:/home/salvador/.m2/repository/jakarta/interceptor/jakarta.interceptor-api/1.2.5/jakarta.interceptor-api-1.2.5.jar:/home/salvador/.m2/repository/io/quarkus/security/quarkus-security/1.1.4.Final/quarkus-security-1.1.4.Final.jar:/home/salvador/.m2/repository/io/smallrye/reactive/mutiny/1.9.0/mutiny-1.9.0.jar:/home/salvador/.m2/repository/org/reactivestreams/reactive-streams/1.0.3/reactive-streams-1.0.3.jar:/home/salvador/.m2/repository/jakarta/enterprise/jakarta.enterprise.cdi-api/2.0.2/jakarta.enterprise.cdi-api-2.0.2.jar:/home/salvador/.m2/repository/jakarta/el/jakarta.el-api/3.0.3/jakarta.el-api-3.0.3.jar:/home/salvador/.m2/repository/io/quarkus/quarkus-arc/2.16.8.Final/quarkus-arc-2.16.8.Final.jar:/home/salvador/.m2/repository/io/quarkus/arc/arc/2.16.8.Final/arc-2.16.8.Final.jar:/home/salvador/.m2/repository/jakarta/transaction/jakarta.transaction-api/1.3.3/jakarta.transaction-api-1.3.3.jar:/home/salvador/.m2/repository/org/eclipse/microprofile/context-propagation/microprofile-context-propagation-api/1.2/microprofile-context-propagation-api-1.2.jar:/home/salvador/.m2/repository/io/quarkus/quarkus-spring-data-jpa/2.16.8.Final/quarkus-spring-data-jpa-2.16.8.Final.jar:/home/salvador/.m2/repository/io/quarkus/quarkus-hibernate-orm-panache/2.16.8.Final/quarkus-hibernate-orm-panache-2.16.8.Final.jar:/home/salvador/.m2/repository/io/quarkus/quarkus-hibernate-orm/2.16.8.Final/quarkus-hibernate-orm-2.16.8.Final.jar:/home/salvador/.m2/repository/io/quarkus/quarkus-agroal/2.16.8.Final/quarkus-agroal-2.16.8.Final.jar:/home/salvador/.m2/repository/io/quarkus/quarkus-datasource/2.16.8.Final/quarkus-datasource-2.16.8.Final.jar:/home/salvador/.m2/repository/io/quarkus/quarkus-datasource-common/2.16.8.Final/quarkus-datasource-common-2.16.8.Final.jar:/home/salvador/.m2/repository/io/agroal/agroal-api/1.17/agroal-api-1.17.jar:/home/salvador/.m2/repository/io/agroal/agroal-narayana/1.17/agroal-narayana-1.17.jar:/home/salvador/.m2/repository/org/jboss/jboss-transaction-spi/7.6.0.Final/jboss-transaction-spi-7.6.0.Final.jar:/home/salvador/.m2/repository/io/agroal/agroal-pool/1.17/agroal-pool-1.17.jar:/home/salvador/.m2/repository/io/quarkus/quarkus-narayana-jta/2.16.8.Final/quarkus-narayana-jta-2.16.8.Final.jar:/home/salvador/.m2/repository/io/quarkus/quarkus-transaction-annotations/2.16.8.Final/quarkus-transaction-annotations-2.16.8.Final.jar:/home/salvador/.m2/repository/io/smallrye/smallrye-context-propagation-jta/1.2.2/smallrye-context-propagation-jta-1.2.2.jar:/home/salvador/.m2/repository/io/smallrye/reactive/smallrye-reactive-converter-api/2.7.0/smallrye-reactive-converter-api-2.7.0.jar:/home/salvador/.m2/repository/io/smallrye/reactive/smallrye-reactive-converter-mutiny/2.7.0/smallrye-reactive-converter-mutiny-2.7.0.jar:/home/salvador/.m2/repository/org/jboss/narayana/jta/narayana-jta/5.13.1.Final/narayana-jta-5.13.1.Final.jar:/home/salvador/.m2/repository/org/jboss/spec/javax/resource/jboss-connector-api_1.7_spec/1.0.0.Final/jboss-connector-api_1.7_spec-1.0.0.Final.jar:/home/salvador/.m2/repository/org/jboss/narayana/jts/narayana-jts-integration/5.13.1.Final/narayana-jts-integration-5.13.1.Final.jar:/home/salvador/.m2/repository/org/hibernate/hibernate-core/5.6.15.Final/hibernate-core-5.6.15.Final.jar:/home/salvador/.m2/repository/net/bytebuddy/byte-buddy/1.12.18/byte-buddy-1.12.18.jar:/home/salvador/.m2/repository/antlr/antlr/2.7.7/antlr-2.7.7.jar:/home/salvador/.m2/repository/org/hibernate/common/hibernate-commons-annotations/5.1.2.Final/hibernate-commons-annotations-5.1.2.Final.jar:/home/salvador/.m2/repository/org/hibernate/hibernate-graalvm/5.6.15.Final/hibernate-graalvm-5.6.15.Final.jar:/home/salvador/.m2/repository/org/glassfish/jaxb/jaxb-runtime/2.3.3-b02/jaxb-runtime-2.3.3-b02.jar:/home/salvador/.m2/repository/org/glassfish/jaxb/txw2/2.3.3-b02/txw2-2.3.3-b02.jar:/home/salvador/.m2/repository/com/sun/istack/istack-commons-runtime/3.0.10/istack-commons-runtime-3.0.10.jar:/home/salvador/.m2/repository/jakarta/persistence/jakarta.persistence-api/2.2.3/jakarta.persistence-api-2.2.3.jar:/home/salvador/.m2/repository/org/hibernate/quarkus-local-cache/0.1.1/quarkus-local-cache-0.1.1.jar:/home/salvador/.m2/repository/io/quarkus/quarkus-caffeine/2.16.8.Final/quarkus-caffeine-2.16.8.Final.jar:/home/salvador/.m2/repository/com/github/ben-manes/caffeine/caffeine/3.1.1/caffeine-3.1.1.jar:/home/salvador/.m2/repository/com/google/errorprone/error_prone_annotations/2.17.0/error_prone_annotations-2.17.0.jar:/home/salvador/.m2/repository/io/quarkus/quarkus-hibernate-orm-panache-common/2.16.8.Final/quarkus-hibernate-orm-panache-common-2.16.8.Final.jar:/home/salvador/.m2/repository/io/quarkus/quarkus-panache-hibernate-common/2.16.8.Final/quarkus-panache-hibernate-common-2.16.8.Final.jar:/home/salvador/.m2/repository/io/quarkus/quarkus-panache-common/2.16.8.Final/quarkus-panache-common-2.16.8.Final.jar:/home/salvador/.m2/repository/io/quarkus/quarkus-spring-data-jpa-api/2.1.SP2/quarkus-spring-data-jpa-api-2.1.SP2.jar:/home/salvador/.m2/repository/io/quarkus/quarkus-spring-di/2.16.8.Final/quarkus-spring-di-2.16.8.Final.jar:/home/salvador/.m2/repository/io/quarkus/quarkus-spring-beans-api/5.2.SP7/quarkus-spring-beans-api-5.2.SP7.jar:/home/salvador/.m2/repository/io/quarkus/quarkus-spring-data-commons-api/2.1.SP2/quarkus-spring-data-commons-api-2.1.SP2.jar:/home/salvador/.m2/repository/io/quarkus/quarkus-spring-context-api/5.2.SP7/quarkus-spring-context-api-5.2.SP7.jar:/home/salvador/.m2/repository/io/quarkus/quarkus-spring-core-api/5.2.SP7/quarkus-spring-core-api-5.2.SP7.jar:/home/salvador/.m2/repository/io/quarkus/quarkus-spring-boot-orm-api/2.1.SP1/quarkus-spring-boot-orm-api-2.1.SP1.jar:/home/salvador/.m2/repository/at/favre/lib/bcrypt/0.10.2/bcrypt-0.10.2.jar:/home/salvador/.m2/repository/at/favre/lib/bytes/1.5.0/bytes-1.5.0.jar:/home/salvador/.m2/repository/io/quarkus/quarkus-resteasy-jackson/2.16.8.Final/quarkus-resteasy-jackson-2.16.8.Final.jar:/home/salvador/.m2/repository/io/quarkus/quarkus-jackson/2.16.8.Final/quarkus-jackson-2.16.8.Final.jar:/home/salvador/.m2/repository/com/fasterxml/jackson/datatype/jackson-datatype-jsr310/2.14.2/jackson-datatype-jsr310-2.14.2.jar:/home/salvador/.m2/repository/com/fasterxml/jackson/datatype/jackson-datatype-jdk8/2.14.2/jackson-datatype-jdk8-2.14.2.jar:/home/salvador/.m2/repository/com/fasterxml/jackson/module/jackson-module-parameter-names/2.14.2/jackson-module-parameter-names-2.14.2.jar:/home/salvador/.m2/repository/org/jboss/resteasy/resteasy-jackson2-provider/4.7.7.Final/resteasy-jackson2-provider-4.7.7.Final.jar:/home/salvador/.m2/repository/com/fasterxml/jackson/jaxrs/jackson-jaxrs-json-provider/2.14.2/jackson-jaxrs-json-provider-2.14.2.jar:/home/salvador/.m2/repository/com/fasterxml/jackson/jaxrs/jackson-jaxrs-base/2.14.2/jackson-jaxrs-base-2.14.2.jar:/home/salvador/.m2/repository/com/fasterxml/jackson/module/jackson-module-jaxb-annotations/2.14.2/jackson-module-jaxb-annotations-2.14.2.jar:/home/salvador/.m2/repository/com/github/java-json-tools/json-patch/1.13/json-patch-1.13.jar:/home/salvador/.m2/repository/com/github/java-json-tools/msg-simple/1.2/msg-simple-1.2.jar:/home/salvador/.m2/repository/com/github/java-json-tools/btf/1.3/btf-1.3.jar:/home/salvador/.m2/repository/com/github/java-json-tools/jackson-coreutils/2.0/jackson-coreutils-2.0.jar:/home/salvador/.m2/repository/org/jboss/spec/javax/xml/bind/jboss-jaxb-api_2.3_spec/2.0.0.Final/jboss-jaxb-api_2.3_spec-2.0.0.Final.jar:/home/salvador/.m2/repository/io/quarkus/quarkus-rest-client-jackson/2.16.8.Final/quarkus-rest-client-jackson-2.16.8.Final.jar:/home/salvador/.m2/repository/io/quarkus/quarkus-rest-client/2.16.8.Final/quarkus-rest-client-2.16.8.Final.jar:/home/salvador/.m2/repository/io/quarkus/quarkus-resteasy-common/2.16.8.Final/quarkus-resteasy-common-2.16.8.Final.jar:/home/salvador/.m2/repository/org/jboss/resteasy/resteasy-core/4.7.7.Final/resteasy-core-4.7.7.Final.jar:/home/salvador/.m2/repository/org/jboss/resteasy/resteasy-core-spi/4.7.7.Final/resteasy-core-spi-4.7.7.Final.jar:/home/salvador/.m2/repository/com/ibm/async/asyncutil/0.1.0/asyncutil-0.1.0.jar:/home/salvador/.m2/repository/com/sun/activation/jakarta.activation/1.2.1/jakarta.activation-1.2.1.jar:/home/salvador/.m2/repository/io/quarkus/quarkus-apache-httpclient/2.16.8.Final/quarkus-apache-httpclient-2.16.8.Final.jar:/home/salvador/.m2/repository/io/quarkus/quarkus-rest-client-config/2.16.8.Final/quarkus-rest-client-config-2.16.8.Final.jar:/home/salvador/.m2/repository/org/eclipse/microprofile/rest/client/microprofile-rest-client-api/2.0/microprofile-rest-client-api-2.0.jar:/home/salvador/.m2/repository/io/smallrye/jandex/3.0.5/jandex-3.0.5.jar:/home/salvador/.m2/repository/org/jboss/resteasy/resteasy-client-microprofile/4.7.7.Final/resteasy-client-microprofile-4.7.7.Final.jar:/home/salvador/.m2/repository/org/jboss/resteasy/resteasy-client-microprofile-base/4.7.7.Final/resteasy-client-microprofile-base-4.7.7.Final.jar:/home/salvador/.m2/repository/org/jboss/resteasy/resteasy-client/4.7.7.Final/resteasy-client-4.7.7.Final.jar:/home/salvador/.m2/repository/org/jboss/resteasy/resteasy-client-api/4.7.7.Final/resteasy-client-api-4.7.7.Final.jar:/home/salvador/.m2/repository/commons-io/commons-io/2.11.0/commons-io-2.11.0.jar:/home/salvador/.m2/repository/org/jboss/resteasy/resteasy-cdi/4.7.7.Final/resteasy-cdi-4.7.7.Final.jar:/home/salvador/.m2/repository/org/apache/httpcomponents/httpasyncclient/4.1.5/httpasyncclient-4.1.5.jar:/home/salvador/.m2/repository/org/apache/httpcomponents/httpcore/4.4.16/httpcore-4.4.16.jar:/home/salvador/.m2/repository/org/apache/httpcomponents/httpcore-nio/4.4.16/httpcore-nio-4.4.16.jar:/home/salvador/.m2/repository/org/jboss/logging/commons-logging-jboss-logging/1.0.0.Final/commons-logging-jboss-logging-1.0.0.Final.jar:/home/salvador/.m2/repository/io/quarkus/quarkus-jdbc-postgresql/2.16.8.Final/quarkus-jdbc-postgresql-2.16.8.Final.jar:/home/salvador/.m2/repository/org/postgresql/postgresql/42.5.4/postgresql-42.5.4.jar:/home/salvador/.m2/repository/io/quarkus/quarkus-jdbc-mysql/2.16.8.Final/quarkus-jdbc-mysql-2.16.8.Final.jar:/home/salvador/.m2/repository/mysql/mysql-connector-java/8.0.30/mysql-connector-java-8.0.30.jar:/home/salvador/.m2/repository/io/quarkus/quarkus-resteasy/2.16.8.Final/quarkus-resteasy-2.16.8.Final.jar:/home/salvador/.m2/repository/io/quarkus/quarkus-vertx-http/2.16.8.Final/quarkus-vertx-http-2.16.8.Final.jar:/home/salvador/.m2/repository/io/quarkus/quarkus-credentials/2.16.8.Final/quarkus-credentials-2.16.8.Final.jar:/home/salvador/.m2/repository/io/quarkus/quarkus-mutiny/2.16.8.Final/quarkus-mutiny-2.16.8.Final.jar:/home/salvador/.m2/repository/io/quarkus/quarkus-smallrye-context-propagation/2.16.8.Final/quarkus-smallrye-context-propagation-2.16.8.Final.jar:/home/salvador/.m2/repository/io/smallrye/smallrye-context-propagation/1.2.2/smallrye-context-propagation-1.2.2.jar:/home/salvador/.m2/repository/io/smallrye/smallrye-context-propagation-api/1.2.2/smallrye-context-propagation-api-1.2.2.jar:/home/salvador/.m2/repository/io/smallrye/smallrye-context-propagation-storage/1.2.2/smallrye-context-propagation-storage-1.2.2.jar:/home/salvador/.m2/repository/io/smallrye/reactive/mutiny-smallrye-context-propagation/1.9.0/mutiny-smallrye-context-propagation-1.9.0.jar:/home/salvador/.m2/repository/io/smallrye/common/smallrye-common-vertx-context/1.13.2/smallrye-common-vertx-context-1.13.2.jar:/home/salvador/.m2/repository/io/vertx/vertx-core/4.3.7/vertx-core-4.3.7.jar:/home/salvador/.m2/repository/io/netty/netty-common/4.1.94.Final/netty-common-4.1.94.Final.jar:/home/salvador/.m2/repository/io/netty/netty-handler-proxy/4.1.94.Final/netty-handler-proxy-4.1.94.Final.jar:/home/salvador/.m2/repository/io/netty/netty-codec-socks/4.1.94.Final/netty-codec-socks-4.1.94.Final.jar:/home/salvador/.m2/repository/io/netty/netty-resolver/4.1.94.Final/netty-resolver-4.1.94.Final.jar:/home/salvador/.m2/repository/io/netty/netty-resolver-dns/4.1.94.Final/netty-resolver-dns-4.1.94.Final.jar:/home/salvador/.m2/repository/io/netty/netty-codec-dns/4.1.94.Final/netty-codec-dns-4.1.94.Final.jar:/home/salvador/.m2/repository/io/smallrye/common/smallrye-common-constraint/1.13.2/smallrye-common-constraint-1.13.2.jar:/home/salvador/.m2/repository/io/quarkus/quarkus-vertx-http-dev-console-runtime-spi/2.16.8.Final/quarkus-vertx-http-dev-console-runtime-spi-2.16.8.Final.jar:/home/salvador/.m2/repository/io/smallrye/reactive/smallrye-mutiny-vertx-web/2.30.1/smallrye-mutiny-vertx-web-2.30.1.jar:/home/salvador/.m2/repository/io/smallrye/reactive/smallrye-mutiny-vertx-web-common/2.30.1/smallrye-mutiny-vertx-web-common-2.30.1.jar:/home/salvador/.m2/repository/io/smallrye/reactive/smallrye-mutiny-vertx-auth-common/2.30.1/smallrye-mutiny-vertx-auth-common-2.30.1.jar:/home/salvador/.m2/repository/io/smallrye/reactive/smallrye-mutiny-vertx-bridge-common/2.30.1/smallrye-mutiny-vertx-bridge-common-2.30.1.jar:/home/salvador/.m2/repository/io/smallrye/reactive/smallrye-mutiny-vertx-uri-template/2.30.1/smallrye-mutiny-vertx-uri-template-2.30.1.jar:/home/salvador/.m2/repository/io/vertx/vertx-uri-template/4.3.7/vertx-uri-template-4.3.7.jar:/home/salvador/.m2/repository/io/vertx/vertx-web/4.3.7/vertx-web-4.3.7.jar:/home/salvador/.m2/repository/io/vertx/vertx-web-common/4.3.7/vertx-web-common-4.3.7.jar:/home/salvador/.m2/repository/io/vertx/vertx-auth-common/4.3.7/vertx-auth-common-4.3.7.jar:/home/salvador/.m2/repository/io/vertx/vertx-bridge-common/4.3.7/vertx-bridge-common-4.3.7.jar:/home/salvador/.m2/repository/io/github/crac/org-crac/0.1.3/org-crac-0.1.3.jar:/home/salvador/.m2/repository/io/quarkus/quarkus-resteasy-server-common/2.16.8.Final/quarkus-resteasy-server-common-2.16.8.Final.jar:/home/salvador/.m2/repository/jakarta/validation/jakarta.validation-api/2.0.2/jakarta.validation-api-2.0.2.jar:/home/salvador/.m2/repository/io/quarkus/quarkus-junit5/2.16.8.Final/quarkus-junit5-2.16.8.Final.jar:/home/salvador/.m2/repository/io/quarkus/quarkus-bootstrap-core/2.16.8.Final/quarkus-bootstrap-core-2.16.8.Final.jar:/home/salvador/.m2/repository/io/quarkus/quarkus-bootstrap-app-model/2.16.8.Final/quarkus-bootstrap-app-model-2.16.8.Final.jar:/home/salvador/.m2/repository/io/smallrye/common/smallrye-common-io/1.13.2/smallrye-common-io-1.13.2.jar:/home/salvador/.m2/repository/org/eclipse/sisu/org.eclipse.sisu.inject/0.3.5/org.eclipse.sisu.inject-0.3.5.jar:/home/salvador/.m2/repository/io/quarkus/quarkus-test-common/2.16.8.Final/quarkus-test-common-2.16.8.Final.jar:/home/salvador/.m2/repository/io/quarkus/quarkus-core-deployment/2.16.8.Final/quarkus-core-deployment-2.16.8.Final.jar:/home/salvador/.m2/repository/org/aesh/readline/2.2/readline-2.2.jar:/home/salvador/.m2/repository/org/fusesource/jansi/jansi/1.18/jansi-1.18.jar:/home/salvador/.m2/repository/org/aesh/aesh/2.7/aesh-2.7.jar:/home/salvador/.m2/repository/io/quarkus/gizmo/gizmo/1.6.0.Final/gizmo-1.6.0.Final.jar:/home/salvador/.m2/repository/org/ow2/asm/asm-util/9.4/asm-util-9.4.jar:/home/salvador/.m2/repository/org/ow2/asm/asm-analysis/9.4/asm-analysis-9.4.jar:/home/salvador/.m2/repository/org/ow2/asm/asm/9.4/asm-9.4.jar:/home/salvador/.m2/repository/org/ow2/asm/asm-commons/9.4/asm-commons-9.4.jar:/home/salvador/.m2/repository/org/ow2/asm/asm-tree/9.4/asm-tree-9.4.jar:/home/salvador/.m2/repository/io/quarkus/quarkus-class-change-agent/2.16.8.Final/quarkus-class-change-agent-2.16.8.Final.jar:/home/salvador/.m2/repository/io/quarkus/quarkus-devtools-utilities/2.16.8.Final/quarkus-devtools-utilities-2.16.8.Final.jar:/home/salvador/.m2/repository/io/quarkus/quarkus-builder/2.16.8.Final/quarkus-builder-2.16.8.Final.jar:/home/salvador/.m2/repository/org/junit/platform/junit-platform-launcher/1.9.2/junit-platform-launcher-1.9.2.jar:/home/salvador/.m2/repository/io/quarkus/quarkus-bootstrap-maven-resolver/2.16.8.Final/quarkus-bootstrap-maven-resolver-2.16.8.Final.jar:/home/salvador/.m2/repository/org/apache/maven/maven-embedder/3.8.6/maven-embedder-3.8.6.jar:/home/salvador/.m2/repository/org/apache/maven/maven-settings/3.8.6/maven-settings-3.8.6.jar:/home/salvador/.m2/repository/org/apache/maven/maven-core/3.8.6/maven-core-3.8.6.jar:/home/salvador/.m2/repository/org/apache/maven/maven-artifact/3.8.6/maven-artifact-3.8.6.jar:/home/salvador/.m2/repository/org/codehaus/plexus/plexus-component-annotations/2.1.0/plexus-component-annotations-2.1.0.jar:/home/salvador/.m2/repository/org/apache/maven/maven-plugin-api/3.8.6/maven-plugin-api-3.8.6.jar:/home/salvador/.m2/repository/org/apache/maven/maven-model/3.8.6/maven-model-3.8.6.jar:/home/salvador/.m2/repository/org/apache/maven/maven-model-builder/3.8.6/maven-model-builder-3.8.6.jar:/home/salvador/.m2/repository/org/apache/maven/maven-builder-support/3.8.6/maven-builder-support-3.8.6.jar:/home/salvador/.m2/repository/org/apache/maven/resolver/maven-resolver-api/1.6.3/maven-resolver-api-1.6.3.jar:/home/salvador/.m2/repository/org/apache/maven/resolver/maven-resolver-util/1.6.3/maven-resolver-util-1.6.3.jar:/home/salvador/.m2/repository/org/apache/maven/shared/maven-shared-utils/3.3.4/maven-shared-utils-3.3.4.jar:/home/salvador/.m2/repository/com/google/inject/guice/4.2.2/guice-4.2.2-no_aop.jar:/home/salvador/.m2/repository/com/google/guava/guava/31.1-jre/guava-31.1-jre.jar:/home/salvador/.m2/repository/com/google/guava/failureaccess/1.0.1/failureaccess-1.0.1.jar:/home/salvador/.m2/repository/org/codehaus/plexus/plexus-classworlds/2.6.0/plexus-classworlds-2.6.0.jar:/home/salvador/.m2/repository/org/codehaus/plexus/plexus-sec-dispatcher/2.0/plexus-sec-dispatcher-2.0.jar:/home/salvador/.m2/repository/org/codehaus/plexus/plexus-cipher/2.0/plexus-cipher-2.0.jar:/home/salvador/.m2/repository/commons-cli/commons-cli/1.4/commons-cli-1.4.jar:/home/salvador/.m2/repository/org/eclipse/sisu/org.eclipse.sisu.plexus/0.3.5/org.eclipse.sisu.plexus-0.3.5.jar:/home/salvador/.m2/repository/org/apache/maven/maven-settings-builder/3.8.6/maven-settings-builder-3.8.6.jar:/home/salvador/.m2/repository/org/codehaus/plexus/plexus-interpolation/1.26/plexus-interpolation-1.26.jar:/home/salvador/.m2/repository/org/apache/maven/maven-resolver-provider/3.8.6/maven-resolver-provider-3.8.6.jar:/home/salvador/.m2/repository/org/apache/maven/maven-repository-metadata/3.8.6/maven-repository-metadata-3.8.6.jar:/home/salvador/.m2/repository/org/apache/maven/resolver/maven-resolver-spi/1.6.3/maven-resolver-spi-1.6.3.jar:/home/salvador/.m2/repository/org/apache/maven/resolver/maven-resolver-impl/1.6.3/maven-resolver-impl-1.6.3.jar:/home/salvador/.m2/repository/org/codehaus/plexus/plexus-utils/3.3.0/plexus-utils-3.3.0.jar:/home/salvador/.m2/repository/org/apache/maven/resolver/maven-resolver-connector-basic/1.6.3/maven-resolver-connector-basic-1.6.3.jar:/home/salvador/.m2/repository/org/apache/maven/resolver/maven-resolver-transport-wagon/1.6.3/maven-resolver-transport-wagon-1.6.3.jar:/home/salvador/.m2/repository/org/apache/maven/wagon/wagon-http/3.5.1/wagon-http-3.5.1.jar:/home/salvador/.m2/repository/org/apache/maven/wagon/wagon-http-shared/3.5.1/wagon-http-shared-3.5.1.jar:/home/salvador/.m2/repository/org/apache/maven/wagon/wagon-provider-api/3.5.1/wagon-provider-api-3.5.1.jar:/home/salvador/.m2/repository/org/apache/maven/wagon/wagon-file/3.5.1/wagon-file-3.5.1.jar:/home/salvador/.m2/repository/io/quarkus/quarkus-bootstrap-gradle-resolver/2.16.8.Final/quarkus-bootstrap-gradle-resolver-2.16.8.Final.jar:/home/salvador/.m2/repository/io/quarkus/quarkus-junit5-properties/2.16.8.Final/quarkus-junit5-properties-2.16.8.Final.jar:/home/salvador/.m2/repository/org/junit/jupiter/junit-jupiter/5.9.2/junit-jupiter-5.9.2.jar:/home/salvador/.m2/repository/org/junit/jupiter/junit-jupiter-api/5.9.2/junit-jupiter-api-5.9.2.jar:/home/salvador/.m2/repository/org/opentest4j/opentest4j/1.2.0/opentest4j-1.2.0.jar:/home/salvador/.m2/repository/org/junit/platform/junit-platform-commons/1.9.2/junit-platform-commons-1.9.2.jar:/home/salvador/.m2/repository/org/apiguardian/apiguardian-api/1.1.2/apiguardian-api-1.1.2.jar:/home/salvador/.m2/repository/org/junit/jupiter/junit-jupiter-params/5.9.2/junit-jupiter-params-5.9.2.jar:/home/salvador/.m2/repository/org/junit/jupiter/junit-jupiter-engine/5.9.2/junit-jupiter-engine-5.9.2.jar:/home/salvador/.m2/repository/org/junit/platform/junit-platform-engine/1.9.2/junit-platform-engine-1.9.2.jar:/home/salvador/.m2/repository/com/thoughtworks/xstream/xstream/1.4.20/xstream-1.4.20.jar:/home/salvador/.m2/repository/io/github/x-stream/mxparser/1.2.2/mxparser-1.2.2.jar:/home/salvador/.m2/repository/xmlpull/xmlpull/1.1.3.1/xmlpull-1.1.3.1.jar:/home/salvador/.m2/repository/io/quarkus/quarkus-hibernate-validator/2.16.8.Final/quarkus-hibernate-validator-2.16.8.Final.jar:/home/salvador/.m2/repository/org/hibernate/validator/hibernate-validator/6.2.5.Final/hibernate-validator-6.2.5.Final.jar:/home/salvador/.m2/repository/com/fasterxml/classmate/1.5.1/classmate-1.5.1.jar:/home/salvador/.m2/repository/org/glassfish/jakarta.el/3.0.4/jakarta.el-3.0.4.jar:/home/salvador/.m2/repository/io/smallrye/config/smallrye-config-validator/2.13.3/smallrye-config-validator-2.13.3.jar:/home/salvador/.m2/repository/org/jboss/spec/javax/ws/rs/jboss-jaxrs-api_2.1_spec/2.0.1.Final/jboss-jaxrs-api_2.1_spec-2.0.1.Final.jar:/home/salvador/.m2/repository/io/rest-assured/rest-assured/4.5.1/rest-assured-4.5.1.jar:/home/salvador/.m2/repository/org/codehaus/groovy/groovy/3.0.9/groovy-3.0.9.jar:/home/salvador/.m2/repository/org/codehaus/groovy/groovy-xml/3.0.9/groovy-xml-3.0.9.jar:/home/salvador/.m2/repository/org/apache/httpcomponents/httpclient/4.5.14/httpclient-4.5.14.jar:/home/salvador/.m2/repository/commons-codec/commons-codec/1.15/commons-codec-1.15.jar:/home/salvador/.m2/repository/org/apache/httpcomponents/httpmime/4.5.14/httpmime-4.5.14.jar:/home/salvador/.m2/repository/org/hamcrest/hamcrest/2.1/hamcrest-2.1.jar:/home/salvador/.m2/repository/org/ccil/cowan/tagsoup/tagsoup/1.2.1/tagsoup-1.2.1.jar:/home/salvador/.m2/repository/io/rest-assured/json-path/4.5.1/json-path-4.5.1.jar:/home/salvador/.m2/repository/org/codehaus/groovy/groovy-json/3.0.9/groovy-json-3.0.9.jar:/home/salvador/.m2/repository/io/rest-assured/rest-assured-common/4.5.1/rest-assured-common-4.5.1.jar:/home/salvador/.m2/repository/io/rest-assured/xml-path/4.5.1/xml-path-4.5.1.jar:/home/salvador/.m2/repository/org/apache/commons/commons-lang3/3.12.0/commons-lang3-3.12.0.jar:/home/salvador/.m2/repository/io/quarkus/quarkus-smallrye-openapi/2.16.8.Final/quarkus-smallrye-openapi-2.16.8.Final.jar:/home/salvador/.m2/repository/io/smallrye/smallrye-open-api-core/3.1.1/smallrye-open-api-core-3.1.1.jar:/home/salvador/.m2/repository/org/eclipse/microprofile/openapi/microprofile-openapi-api/2.0.1/microprofile-openapi-api-2.0.1.jar:/home/salvador/.m2/repository/com/fasterxml/jackson/dataformat/jackson-dataformat-yaml/2.14.2/jackson-dataformat-yaml-2.14.2.jar:/home/salvador/.m2/repository/org/yaml/snakeyaml/1.33/snakeyaml-1.33.jar:/home/salvador/.m2/repository/io/quarkus/quarkus-swagger-ui/2.16.8.Final/quarkus-swagger-ui-2.16.8.Final.jar:/home/salvador/.m2/repository/org/projectlombok/lombok/1.18.30/lombok-1.18.30.jar:/home/salvador/.m2/repository/io/vavr/vavr/0.10.4/vavr-0.10.4.jar:/home/salvador/.m2/repository/io/vavr/vavr-match/0.10.4/vavr-match-0.10.4.jar:/home/salvador/.m2/repository/com/google/code/gson/gson/2.10.1/gson-2.10.1.jar:/home/salvador/.m2/repository/io/quarkus/quarkus-qute/2.16.8.Final/quarkus-qute-2.16.8.Final.jar:/home/salvador/.m2/repository/io/quarkus/qute/qute-core/2.16.8.Final/qute-core-2.16.8.Final.jar:/home/salvador/.m2/repository/io/quarkus/quarkus-resteasy-qute/2.16.8.Final/quarkus-resteasy-qute-2.16.8.Final.jar:"/>
    <property name="java.vm.vendor" value="Amazon.com Inc."/>
    <property name="sun.arch.data.model" value="64"/>
    <property name="java.vendor.url" value="https://aws.amazon.com/corretto/"/>
    <property name="user.timezone" value="America/Mexico_City"/>
    <property name="os.name" value="Linux"/>
    <property name="java.vm.specification.version" value="17"/>
    <property name="sun.java.launcher" value="SUN_STANDARD"/>
    <property name="user.country" value="ES"/>
    <property name="sun.boot.library.path" value="/usr/lib/jvm/java-17-amazon-corretto/lib"/>
    <property name="sun.java.command" value="/home/salvador/Escritorio/Tarea3/target/surefire/surefirebooter-20250228194316383_3.jar /home/salvador/Escritorio/Tarea3/target/surefire 2025-02-28T19-43-16_324-jvmRun1 surefire-20250228194316383_1tmp surefire_0-20250228194316383_2tmp"/>
    <property name="jdk.debug" value="release"/>
    <property name="maven.home" value="/opt/apache-maven-3.9.9"/>
    <property name="surefire.test.class.path" value="/home/salvador/Escritorio/Tarea3/target/test-classes:/home/salvador/Escritorio/Tarea3/target/classes:/home/salvador/.m2/repository/com/auth0/java-jwt/4.5.0/java-jwt-4.5.0.jar:/home/salvador/.m2/repository/com/fasterxml/jackson/core/jackson-core/2.14.2/jackson-core-2.14.2.jar:/home/salvador/.m2/repository/com/fasterxml/jackson/core/jackson-databind/2.14.2/jackson-databind-2.14.2.jar:/home/salvador/.m2/repository/com/fasterxml/jackson/core/jackson-annotations/2.14.2/jackson-annotations-2.14.2.jar:/home/salvador/.m2/repository/io/quarkus/quarkus-smallrye-jwt/2.16.8.Final/quarkus-smallrye-jwt-2.16.8.Final.jar:/home/salvador/.m2/repository/io/smallrye/smallrye-jwt/3.6.0/smallrye-jwt-3.6.0.jar:/home/salvador/.m2/repository/org/eclipse/microprofile/config/microprofile-config-api/2.0.1/microprofile-config-api-2.0.1.jar:/home/salvador/.m2/repository/org/eclipse/microprofile/jwt/microprofile-jwt-auth-api/1.2/microprofile-jwt-auth-api-1.2.jar:/home/salvador/.m2/repository/org/bitbucket/b_c/jose4j/0.9.2/jose4j-0.9.2.jar:/home/salvador/.m2/repository/io/smallrye/smallrye-jwt-common/3.6.0/smallrye-jwt-common-3.6.0.jar:/home/salvador/.m2/repository/jakarta/annotation/jakarta.annotation-api/1.3.5/jakarta.annotation-api-1.3.5.jar:/home/salvador/.m2/repository/io/quarkus/quarkus-core/2.16.8.Final/quarkus-core-2.16.8.Final.jar:/home/salvador/.m2/repository/jakarta/inject/jakarta.inject-api/1.0/jakarta.inject-api-1.0.jar:/home/salvador/.m2/repository/io/quarkus/quarkus-ide-launcher/2.16.8.Final/quarkus-ide-launcher-2.16.8.Final.jar:/home/salvador/.m2/repository/io/quarkus/quarkus-development-mode-spi/2.16.8.Final/quarkus-development-mode-spi-2.16.8.Final.jar:/home/salvador/.m2/repository/io/smallrye/config/smallrye-config/2.13.3/smallrye-config-2.13.3.jar:/home/salvador/.m2/repository/io/smallrye/config/smallrye-config-core/2.13.3/smallrye-config-core-2.13.3.jar:/home/salvador/.m2/repository/io/smallrye/common/smallrye-common-expression/1.13.2/smallrye-common-expression-1.13.2.jar:/home/salvador/.m2/repository/io/smallrye/common/smallrye-common-function/1.13.2/smallrye-common-function-1.13.2.jar:/home/salvador/.m2/repository/io/smallrye/common/smallrye-common-classloader/1.13.2/smallrye-common-classloader-1.13.2.jar:/home/salvador/.m2/repository/io/smallrye/config/smallrye-config-common/2.13.3/smallrye-config-common-2.13.3.jar:/home/salvador/.m2/repository/org/jboss/logging/jboss-logging/3.5.0.Final/jboss-logging-3.5.0.Final.jar:/home/salvador/.m2/repository/org/jboss/logmanager/jboss-logmanager-embedded/1.0.11/jboss-logmanager-embedded-1.0.11.jar:/home/salvador/.m2/repository/org/jboss/logging/jboss-logging-annotations/2.2.1.Final/jboss-logging-annotations-2.2.1.Final.jar:/home/salvador/.m2/repository/org/jboss/threads/jboss-threads/3.4.3.Final/jboss-threads-3.4.3.Final.jar:/home/salvador/.m2/repository/org/slf4j/slf4j-api/1.7.36/slf4j-api-1.7.36.jar:/home/salvador/.m2/repository/org/jboss/slf4j/slf4j-jboss-logmanager/1.2.0.Final/slf4j-jboss-logmanager-1.2.0.Final.jar:/home/salvador/.m2/repository/org/graalvm/sdk/graal-sdk/22.3.0/graal-sdk-22.3.0.jar:/home/salvador/.m2/repository/org/wildfly/common/wildfly-common/1.5.4.Final-format-001/wildfly-common-1.5.4.Final-format-001.jar:/home/salvador/.m2/repository/io/quarkus/quarkus-bootstrap-runner/2.16.8.Final/quarkus-bootstrap-runner-2.16.8.Final.jar:/home/salvador/.m2/repository/io/quarkus/quarkus-fs-util/0.0.9/quarkus-fs-util-0.0.9.jar:/home/salvador/.m2/repository/io/quarkus/quarkus-reactive-routes/2.16.8.Final/quarkus-reactive-routes-2.16.8.Final.jar:/home/salvador/.m2/repository/io/quarkus/quarkus-vertx/2.16.8.Final/quarkus-vertx-2.16.8.Final.jar:/home/salvador/.m2/repository/io/quarkus/quarkus-netty/2.16.8.Final/quarkus-netty-2.16.8.Final.jar:/home/salvador/.m2/repository/io/netty/netty-codec/4.1.94.Final/netty-codec-4.1.94.Final.jar:/home/salvador/.m2/repository/io/netty/netty-codec-http/4.1.94.Final/netty-codec-http-4.1.94.Final.jar:/home/salvador/.m2/repository/io/netty/netty-codec-http2/4.1.94.Final/netty-codec-http2-4.1.94.Final.jar:/home/salvador/.m2/repository/io/netty/netty-handler/4.1.94.Final/netty-handler-4.1.94.Final.jar:/home/salvador/.m2/repository/io/netty/netty-transport-native-unix-common/4.1.94.Final/netty-transport-native-unix-common-4.1.94.Final.jar:/home/salvador/.m2/repository/com/aayushatharva/brotli4j/brotli4j/1.12.0/brotli4j-1.12.0.jar:/home/salvador/.m2/repository/com/aayushatharva/brotli4j/service/1.12.0/service-1.12.0.jar:/home/salvador/.m2/repository/com/aayushatharva/brotli4j/native-linux-x86_64/1.12.0/native-linux-x86_64-1.12.0.jar:/home/salvador/.m2/repository/io/netty/netty-codec-haproxy/4.1.94.Final/netty-codec-haproxy-4.1.94.Final.jar:/home/salvador/.m2/repository/io/netty/netty-buffer/4.1.94.Final/netty-buffer-4.1.94.Final.jar:/home/salvador/.m2/repository/io/netty/netty-transport/4.1.94.Final/netty-transport-4.1.94.Final.jar:/home/salvador/.m2/repository/io/quarkus/quarkus-vertx-latebound-mdc-provider/2.16.8.Final/quarkus-vertx-latebound-mdc-provider-2.16.8.Final.jar:/home/salvador/.m2/repository/io/smallrye/reactive/smallrye-mutiny-vertx-core/2.30.1/smallrye-mutiny-vertx-core-2.30.1.jar:/home/salvador/.m2/repository/io/smallrye/reactive/smallrye-mutiny-vertx-runtime/2.30.1/smallrye-mutiny-vertx-runtime-2.30.1.jar:/home/salvador/.m2/repository/io/smallrye/reactive/vertx-mutiny-generator/2.30.1/vertx-mutiny-generator-2.30.1.jar:/home/salvador/.m2/repository/io/vertx/vertx-codegen/4.3.7/vertx-codegen-4.3.7.jar:/home/salvador/.m2/repository/io/smallrye/smallrye-fault-tolerance-vertx/5.6.0/smallrye-fault-tolerance-vertx-5.6.0.jar:/home/salvador/.m2/repository/io/smallrye/common/smallrye-common-annotation/1.13.2/smallrye-common-annotation-1.13.2.jar:/home/salvador/.m2/repository/io/quarkus/quarkus-smallrye-jwt-build/2.16.8.Final/quarkus-smallrye-jwt-build-2.16.8.Final.jar:/home/salvador/.m2/repository/io/smallrye/smallrye-jwt-build/3.6.0/smallrye-jwt-build-3.6.0.jar:/home/salvador/.m2/repository/io/quarkus/quarkus-jsonp/2.16.8.Final/quarkus-jsonp-2.16.8.Final.jar:/home/salvador/.m2/repository/org/glassfish/jakarta.json/1.1.6/jakarta.json-1.1.6.jar:/home/salvador/.m2/repository/io/quarkus/quarkus-security/2.16.8.Final/quarkus-security-2.16.8.Final.jar:/home/salvador/.m2/repository/io/quarkus/quarkus-security-runtime-spi/2.16.8.Final/quarkus-security-runtime-spi-2.16.8.Final.jar:/home/salvador/.m2/repository/jakarta/interceptor/jakarta.interceptor-api/1.2.5/jakarta.interceptor-api-1.2.5.jar:/home/salvador/.m2/repository/io/quarkus/security/quarkus-security/1.1.4.Final/quarkus-security-1.1.4.Final.jar:/home/salvador/.m2/repository/io/smallrye/reactive/mutiny/1.9.0/mutiny-1.9.0.jar:/home/salvador/.m2/repository/org/reactivestreams/reactive-streams/1.0.3/reactive-streams-1.0.3.jar:/home/salvador/.m2/repository/jakarta/enterprise/jakarta.enterprise.cdi-api/2.0.2/jakarta.enterprise.cdi-api-2.0.2.jar:/home/salvador/.m2/repository/jakarta/el/jakarta.el-api/3.0.3/jakarta.el-api-3.0.3.jar:/home/salvador/.m2/repository/io/quarkus/quarkus-arc/2.16.8.Final/quarkus-arc-2.16.8.Final.jar:/home/salvador/.m2/repository/io/quarkus/arc/arc/2.16.8.Final/arc-2.16.8.Final.jar:/home/salvador/.m2/repository/jakarta/transaction/jakarta.transaction-api/1.3.3/jakarta.transaction-api-1.3.3.jar:/home/salvador/.m2/repository/org/eclipse/microprofile/context-propagation/microprofile-context-propagation-api/1.2/microprofile-context-propagation-api-1.2.jar:/home/salvador/.m2/repository/io/quarkus/quarkus-spring-data-jpa/2.16.8.Final/quarkus-spring-data-jpa-2.16.8.Final.jar:/home/salvador/.m2/repository/io/quarkus/quarkus-hibernate-orm-panache/2.16.8.Final/quarkus-hibernate-orm-panache-2.16.8.Final.jar:/home/salvador/.m2/repository/io/quarkus/quarkus-hibernate-orm/2.16.8.Final/quarkus-hibernate-orm-2.16.8.Final.jar:/home/salvador/.m2/repository/io/quarkus/quarkus-agroal/2.16.8.Final/quarkus-agroal-2.16.8.Final.jar:/home/salvador/.m2/repository/io/quarkus/quarkus-datasource/2.16.8.Final/quarkus-datasource-2.16.8.Final.jar:/home/salvador/.m2/repository/io/quarkus/quarkus-datasource-common/2.16.8.Final/quarkus-datasource-common-2.16.8.Final.jar:/home/salvador/.m2/repository/io/agroal/agroal-api/1.17/agroal-api-1.17.jar:/home/salvador/.m2/repository/io/agroal/agroal-narayana/1.17/agroal-narayana-1.17.jar:/home/salvador/.m2/repository/org/jboss/jboss-transaction-spi/7.6.0.Final/jboss-transaction-spi-7.6.0.Final.jar:/home/salvador/.m2/repository/io/agroal/agroal-pool/1.17/agroal-pool-1.17.jar:/home/salvador/.m2/repository/io/quarkus/quarkus-narayana-jta/2.16.8.Final/quarkus-narayana-jta-2.16.8.Final.jar:/home/salvador/.m2/repository/io/quarkus/quarkus-transaction-annotations/2.16.8.Final/quarkus-transaction-annotations-2.16.8.Final.jar:/home/salvador/.m2/repository/io/smallrye/smallrye-context-propagation-jta/1.2.2/smallrye-context-propagation-jta-1.2.2.jar:/home/salvador/.m2/repository/io/smallrye/reactive/smallrye-reactive-converter-api/2.7.0/smallrye-reactive-converter-api-2.7.0.jar:/home/salvador/.m2/repository/io/smallrye/reactive/smallrye-reactive-converter-mutiny/2.7.0/smallrye-reactive-converter-mutiny-2.7.0.jar:/home/salvador/.m2/repository/org/jboss/narayana/jta/narayana-jta/5.13.1.Final/narayana-jta-5.13.1.Final.jar:/home/salvador/.m2/repository/org/jboss/spec/javax/resource/jboss-connector-api_1.7_spec/1.0.0.Final/jboss-connector-api_1.7_spec-1.0.0.Final.jar:/home/salvador/.m2/repository/org/jboss/narayana/jts/narayana-jts-integration/5.13.1.Final/narayana-jts-integration-5.13.1.Final.jar:/home/salvador/.m2/repository/org/hibernate/hibernate-core/5.6.15.Final/hibernate-core-5.6.15.Final.jar:/home/salvador/.m2/repository/net/bytebuddy/byte-buddy/1.12.18/byte-buddy-1.12.18.jar:/home/salvador/.m2/repository/antlr/antlr/2.7.7/antlr-2.7.7.jar:/home/salvador/.m2/repository/org/hibernate/common/hibernate-commons-annotations/5.1.2.Final/hibernate-commons-annotations-5.1.2.Final.jar:/home/salvador/.m2/repository/org/hibernate/hibernate-graalvm/5.6.15.Final/hibernate-graalvm-5.6.15.Final.jar:/home/salvador/.m2/repository/org/glassfish/jaxb/jaxb-runtime/2.3.3-b02/jaxb-runtime-2.3.3-b02.jar:/home/salvador/.m2/repository/org/glassfish/jaxb/txw2/2.3.3-b02/txw2-2.3.3-b02.jar:/home/salvador/.m2/repository/com/sun/istack/istack-commons-runtime/3.0.10/istack-commons-runtime-3.0.10.jar:/home/salvador/.m2/repository/jakarta/persistence/jakarta.persistence-api/2.2.3/jakarta.persistence-api-2.2.3.jar:/home/salvador/.m2/repository/org/hibernate/quarkus-local-cache/0.1.1/quarkus-local-cache-0.1.1.jar:/home/salvador/.m2/repository/io/quarkus/quarkus-caffeine/2.16.8.Final/quarkus-caffeine-2.16.8.Final.jar:/home/salvador/.m2/repository/com/github/ben-manes/caffeine/caffeine/3.1.1/caffeine-3.1.1.jar:/home/salvador/.m2/repository/com/google/errorprone/error_prone_annotations/2.17.0/error_prone_annotations-2.17.0.jar:/home/salvador/.m2/repository/io/quarkus/quarkus-hibernate-orm-panache-common/2.16.8.Final/quarkus-hibernate-orm-panache-common-2.16.8.Final.jar:/home/salvador/.m2/repository/io/quarkus/quarkus-panache-hibernate-common/2.16.8.Final/quarkus-panache-hibernate-common-2.16.8.Final.jar:/home/salvador/.m2/repository/io/quarkus/quarkus-panache-common/2.16.8.Final/quarkus-panache-common-2.16.8.Final.jar:/home/salvador/.m2/repository/io/quarkus/quarkus-spring-data-jpa-api/2.1.SP2/quarkus-spring-data-jpa-api-2.1.SP2.jar:/home/salvador/.m2/repository/io/quarkus/quarkus-spring-di/2.16.8.Final/quarkus-spring-di-2.16.8.Final.jar:/home/salvador/.m2/repository/io/quarkus/quarkus-spring-beans-api/5.2.SP7/quarkus-spring-beans-api-5.2.SP7.jar:/home/salvador/.m2/repository/io/quarkus/quarkus-spring-data-commons-api/2.1.SP2/quarkus-spring-data-commons-api-2.1.SP2.jar:/home/salvador/.m2/repository/io/quarkus/quarkus-spring-context-api/5.2.SP7/quarkus-spring-context-api-5.2.SP7.jar:/home/salvador/.m2/repository/io/quarkus/quarkus-spring-core-api/5.2.SP7/quarkus-spring-core-api-5.2.SP7.jar:/home/salvador/.m2/repository/io/quarkus/quarkus-spring-boot-orm-api/2.1.SP1/quarkus-spring-boot-orm-api-2.1.SP1.jar:/home/salvador/.m2/repository/at/favre/lib/bcrypt/0.10.2/bcrypt-0.10.2.jar:/home/salvador/.m2/repository/at/favre/lib/bytes/1.5.0/bytes-1.5.0.jar:/home/salvador/.m2/repository/io/quarkus/quarkus-resteasy-jackson/2.16.8.Final/quarkus-resteasy-jackson-2.16.8.Final.jar:/home/salvador/.m2/repository/io/quarkus/quarkus-jackson/2.16.8.Final/quarkus-jackson-2.16.8.Final.jar:/home/salvador/.m2/repository/com/fasterxml/jackson/datatype/jackson-datatype-jsr310/2.14.2/jackson-datatype-jsr310-2.14.2.jar:/home/salvador/.m2/repository/com/fasterxml/jackson/datatype/jackson-datatype-jdk8/2.14.2/jackson-datatype-jdk8-2.14.2.jar:/home/salvador/.m2/repository/com/fasterxml/jackson/module/jackson-module-parameter-names/2.14.2/jackson-module-parameter-names-2.14.2.jar:/home/salvador/.m2/repository/org/jboss/resteasy/resteasy-jackson2-provider/4.7.7.Final/resteasy-jackson2-provider-4.7.7.Final.jar:/home/salvador/.m2/repository/com/fasterxml/jackson/jaxrs/jackson-jaxrs-json-provider/2.14.2/jackson-jaxrs-json-provider-2.14.2.jar:/home/salvador/.m2/repository/com/fasterxml/jackson/jaxrs/jackson-jaxrs-base/2.14.2/jackson-jaxrs-base-2.14.2.jar:/home/salvador/.m2/repository/com/fasterxml/jackson/module/jackson-module-jaxb-annotations/2.14.2/jackson-module-jaxb-annotations-2.14.2.jar:/home/salvador/.m2/repository/com/github/java-json-tools/json-patch/1.13/json-patch-1.13.jar:/home/salvador/.m2/repository/com/github/java-json-tools/msg-simple/1.2/msg-simple-1.2.jar:/home/salvador/.m2/repository/com/github/java-json-tools/btf/1.3/btf-1.3.jar:/home/salvador/.m2/repository/com/github/java-json-tools/jackson-coreutils/2.0/jackson-coreutils-2.0.jar:/home/salvador/.m2/repository/org/jboss/spec/javax/xml/bind/jboss-jaxb-api_2.3_spec/2.0.0.Final/jboss-jaxb-api_2.3_spec-2.0.0.Final.jar:/home/salvador/.m2/repository/io/quarkus/quarkus-rest-client-jackson/2.16.8.Final/quarkus-rest-client-jackson-2.16.8.Final.jar:/home/salvador/.m2/repository/io/quarkus/quarkus-rest-client/2.16.8.Final/quarkus-rest-client-2.16.8.Final.jar:/home/salvador/.m2/repository/io/quarkus/quarkus-resteasy-common/2.16.8.Final/quarkus-resteasy-common-2.16.8.Final.jar:/home/salvador/.m2/repository/org/jboss/resteasy/resteasy-core/4.7.7.Final/resteasy-core-4.7.7.Final.jar:/home/salvador/.m2/repository/org/jboss/resteasy/resteasy-core-spi/4.7.7.Final/resteasy-core-spi-4.7.7.Final.jar:/home/salvador/.m2/repository/com/ibm/async/asyncutil/0.1.0/asyncutil-0.1.0.jar:/home/salvador/.m2/repository/com/sun/activation/jakarta.activation/1.2.1/jakarta.activation-1.2.1.jar:/home/salvador/.m2/repository/io/quarkus/quarkus-apache-httpclient/2.16.8.Final/quarkus-apache-httpclient-2.16.8.Final.jar:/home/salvador/.m2/repository/io/quarkus/quarkus-rest-client-config/2.16.8.Final/quarkus-rest-client-config-2.16.8.Final.jar:/home/salvador/.m2/repository/org/eclipse/microprofile/rest/client/microprofile-rest-client-api/2.0/microprofile-rest-client-api-2.0.jar:/home/salvador/.m2/repository/io/smallrye/jandex/3.0.5/jandex-3.0.5.jar:/home/salvador/.m2/repository/org/jboss/resteasy/resteasy-client-microprofile/4.7.7.Final/resteasy-client-microprofile-4.7.7.Final.jar:/home/salvador/.m2/repository/org/jboss/resteasy/resteasy-client-microprofile-base/4.7.7.Final/resteasy-client-microprofile-base-4.7.7.Final.jar:/home/salvador/.m2/repository/org/jboss/resteasy/resteasy-client/4.7.7.Final/resteasy-client-4.7.7.Final.jar:/home/salvador/.m2/repository/org/jboss/resteasy/resteasy-client-api/4.7.7.Final/resteasy-client-api-4.7.7.Final.jar:/home/salvador/.m2/repository/commons-io/commons-io/2.11.0/commons-io-2.11.0.jar:/home/salvador/.m2/repository/org/jboss/resteasy/resteasy-cdi/4.7.7.Final/resteasy-cdi-4.7.7.Final.jar:/home/salvador/.m2/repository/org/apache/httpcomponents/httpasyncclient/4.1.5/httpasyncclient-4.1.5.jar:/home/salvador/.m2/repository/org/apache/httpcomponents/httpcore/4.4.16/httpcore-4.4.16.jar:/home/salvador/.m2/repository/org/apache/httpcomponents/httpcore-nio/4.4.16/httpcore-nio-4.4.16.jar:/home/salvador/.m2/repository/org/jboss/logging/commons-logging-jboss-logging/1.0.0.Final/commons-logging-jboss-logging-1.0.0.Final.jar:/home/salvador/.m2/repository/io/quarkus/quarkus-jdbc-postgresql/2.16.8.Final/quarkus-jdbc-postgresql-2.16.8.Final.jar:/home/salvador/.m2/repository/org/postgresql/postgresql/42.5.4/postgresql-42.5.4.jar:/home/salvador/.m2/repository/io/quarkus/quarkus-jdbc-mysql/2.16.8.Final/quarkus-jdbc-mysql-2.16.8.Final.jar:/home/salvador/.m2/repository/mysql/mysql-connector-java/8.0.30/mysql-connector-java-8.0.30.jar:/home/salvador/.m2/repository/io/quarkus/quarkus-resteasy/2.16.8.Final/quarkus-resteasy-2.16.8.Final.jar:/home/salvador/.m2/repository/io/quarkus/quarkus-vertx-http/2.16.8.Final/quarkus-vertx-http-2.16.8.Final.jar:/home/salvador/.m2/repository/io/quarkus/quarkus-credentials/2.16.8.Final/quarkus-credentials-2.16.8.Final.jar:/home/salvador/.m2/repository/io/quarkus/quarkus-mutiny/2.16.8.Final/quarkus-mutiny-2.16.8.Final.jar:/home/salvador/.m2/repository/io/quarkus/quarkus-smallrye-context-propagation/2.16.8.Final/quarkus-smallrye-context-propagation-2.16.8.Final.jar:/home/salvador/.m2/repository/io/smallrye/smallrye-context-propagation/1.2.2/smallrye-context-propagation-1.2.2.jar:/home/salvador/.m2/repository/io/smallrye/smallrye-context-propagation-api/1.2.2/smallrye-context-propagation-api-1.2.2.jar:/home/salvador/.m2/repository/io/smallrye/smallrye-context-propagation-storage/1.2.2/smallrye-context-propagation-storage-1.2.2.jar:/home/salvador/.m2/repository/io/smallrye/reactive/mutiny-smallrye-context-propagation/1.9.0/mutiny-smallrye-context-propagation-1.9.0.jar:/home/salvador/.m2/repository/io/smallrye/common/smallrye-common-vertx-context/1.13.2/smallrye-common-vertx-context-1.13.2.jar:/home/salvador/.m2/repository/io/vertx/vertx-core/4.3.7/vertx-core-4.3.7.jar:/home/salvador/.m2/repository/io/netty/netty-common/4.1.94.Final/netty-common-4.1.94.Final.jar:/home/salvador/.m2/repository/io/netty/netty-handler-proxy/4.1.94.Final/netty-handler-proxy-4.1.94.Final.jar:/home/salvador/.m2/repository/io/netty/netty-codec-socks/4.1.94.Final/netty-codec-socks-4.1.94.Final.jar:/home/salvador/.m2/repository/io/netty/netty-resolver/4.1.94.Final/netty-resolver-4.1.94.Final.jar:/home/salvador/.m2/repository/io/netty/netty-resolver-dns/4.1.94.Final/netty-resolver-dns-4.1.94.Final.jar:/home/salvador/.m2/repository/io/netty/netty-codec-dns/4.1.94.Final/netty-codec-dns-4.1.94.Final.jar:/home/salvador/.m2/repository/io/smallrye/common/smallrye-common-constraint/1.13.2/smallrye-common-constraint-1.13.2.jar:/home/salvador/.m2/repository/io/quarkus/quarkus-vertx-http-dev-console-runtime-spi/2.16.8.Final/quarkus-vertx-http-dev-console-runtime-spi-2.16.8.Final.jar:/home/salvador/.m2/repository/io/smallrye/reactive/smallrye-mutiny-vertx-web/2.30.1/smallrye-mutiny-vertx-web-2.30.1.jar:/home/salvador/.m2/repository/io/smallrye/reactive/smallrye-mutiny-vertx-web-common/2.30.1/smallrye-mutiny-vertx-web-common-2.30.1.jar:/home/salvador/.m2/repository/io/smallrye/reactive/smallrye-mutiny-vertx-auth-common/2.30.1/smallrye-mutiny-vertx-auth-common-2.30.1.jar:/home/salvador/.m2/repository/io/smallrye/reactive/smallrye-mutiny-vertx-bridge-common/2.30.1/smallrye-mutiny-vertx-bridge-common-2.30.1.jar:/home/salvador/.m2/repository/io/smallrye/reactive/smallrye-mutiny-vertx-uri-template/2.30.1/smallrye-mutiny-vertx-uri-template-2.30.1.jar:/home/salvador/.m2/repository/io/vertx/vertx-uri-template/4.3.7/vertx-uri-template-4.3.7.jar:/home/salvador/.m2/repository/io/vertx/vertx-web/4.3.7/vertx-web-4.3.7.jar:/home/salvador/.m2/repository/io/vertx/vertx-web-common/4.3.7/vertx-web-common-4.3.7.jar:/home/salvador/.m2/repository/io/vertx/vertx-auth-common/4.3.7/vertx-auth-common-4.3.7.jar:/home/salvador/.m2/repository/io/vertx/vertx-bridge-common/4.3.7/vertx-bridge-common-4.3.7.jar:/home/salvador/.m2/repository/io/github/crac/org-crac/0.1.3/org-crac-0.1.3.jar:/home/salvador/.m2/repository/io/quarkus/quarkus-resteasy-server-common/2.16.8.Final/quarkus-resteasy-server-common-2.16.8.Final.jar:/home/salvador/.m2/repository/jakarta/validation/jakarta.validation-api/2.0.2/jakarta.validation-api-2.0.2.jar:/home/salvador/.m2/repository/io/quarkus/quarkus-junit5/2.16.8.Final/quarkus-junit5-2.16.8.Final.jar:/home/salvador/.m2/repository/io/quarkus/quarkus-bootstrap-core/2.16.8.Final/quarkus-bootstrap-core-2.16.8.Final.jar:/home/salvador/.m2/repository/io/quarkus/quarkus-bootstrap-app-model/2.16.8.Final/quarkus-bootstrap-app-model-2.16.8.Final.jar:/home/salvador/.m2/repository/io/smallrye/common/smallrye-common-io/1.13.2/smallrye-common-io-1.13.2.jar:/home/salvador/.m2/repository/org/eclipse/sisu/org.eclipse.sisu.inject/0.3.5/org.eclipse.sisu.inject-0.3.5.jar:/home/salvador/.m2/repository/io/quarkus/quarkus-test-common/2.16.8.Final/quarkus-test-common-2.16.8.Final.jar:/home/salvador/.m2/repository/io/quarkus/quarkus-core-deployment/2.16.8.Final/quarkus-core-deployment-2.16.8.Final.jar:/home/salvador/.m2/repository/org/aesh/readline/2.2/readline-2.2.jar:/home/salvador/.m2/repository/org/fusesource/jansi/jansi/1.18/jansi-1.18.jar:/home/salvador/.m2/repository/org/aesh/aesh/2.7/aesh-2.7.jar:/home/salvador/.m2/repository/io/quarkus/gizmo/gizmo/1.6.0.Final/gizmo-1.6.0.Final.jar:/home/salvador/.m2/repository/org/ow2/asm/asm-util/9.4/asm-util-9.4.jar:/home/salvador/.m2/repository/org/ow2/asm/asm-analysis/9.4/asm-analysis-9.4.jar:/home/salvador/.m2/repository/org/ow2/asm/asm/9.4/asm-9.4.jar:/home/salvador/.m2/repository/org/ow2/asm/asm-commons/9.4/asm-commons-9.4.jar:/home/salvador/.m2/repository/org/ow2/asm/asm-tree/9.4/asm-tree-9.4.jar:/home/salvador/.m2/repository/io/quarkus/quarkus-class-change-agent/2.16.8.Final/quarkus-class-change-agent-2.16.8.Final.jar:/home/salvador/.m2/repository/io/quarkus/quarkus-devtools-utilities/2.16.8.Final/quarkus-devtools-utilities-2.16.8.Final.jar:/home/salvador/.m2/repository/io/quarkus/quarkus-builder/2.16.8.Final/quarkus-builder-2.16.8.Final.jar:/home/salvador/.m2/repository/org/junit/platform/junit-platform-launcher/1.9.2/junit-platform-launcher-1.9.2.jar:/home/salvador/.m2/repository/io/quarkus/quarkus-bootstrap-maven-resolver/2.16.8.Final/quarkus-bootstrap-maven-resolver-2.16.8.Final.jar:/home/salvador/.m2/repository/org/apache/maven/maven-embedder/3.8.6/maven-embedder-3.8.6.jar:/home/salvador/.m2/repository/org/apache/maven/maven-settings/3.8.6/maven-settings-3.8.6.jar:/home/salvador/.m2/repository/org/apache/maven/maven-core/3.8.6/maven-core-3.8.6.jar:/home/salvador/.m2/repository/org/apache/maven/maven-artifact/3.8.6/maven-artifact-3.8.6.jar:/home/salvador/.m2/repository/org/codehaus/plexus/plexus-component-annotations/2.1.0/plexus-component-annotations-2.1.0.jar:/home/salvador/.m2/repository/org/apache/maven/maven-plugin-api/3.8.6/maven-plugin-api-3.8.6.jar:/home/salvador/.m2/repository/org/apache/maven/maven-model/3.8.6/maven-model-3.8.6.jar:/home/salvador/.m2/repository/org/apache/maven/maven-model-builder/3.8.6/maven-model-builder-3.8.6.jar:/home/salvador/.m2/repository/org/apache/maven/maven-builder-support/3.8.6/maven-builder-support-3.8.6.jar:/home/salvador/.m2/repository/org/apache/maven/resolver/maven-resolver-api/1.6.3/maven-resolver-api-1.6.3.jar:/home/salvador/.m2/repository/org/apache/maven/resolver/maven-resolver-util/1.6.3/maven-resolver-util-1.6.3.jar:/home/salvador/.m2/repository/org/apache/maven/shared/maven-shared-utils/3.3.4/maven-shared-utils-3.3.4.jar:/home/salvador/.m2/repository/com/google/inject/guice/4.2.2/guice-4.2.2-no_aop.jar:/home/salvador/.m2/repository/com/google/guava/guava/31.1-jre/guava-31.1-jre.jar:/home/salvador/.m2/repository/com/google/guava/failureaccess/1.0.1/failureaccess-1.0.1.jar:/home/salvador/.m2/repository/org/codehaus/plexus/plexus-classworlds/2.6.0/plexus-classworlds-2.6.0.jar:/home/salvador/.m2/repository/org/codehaus/plexus/plexus-sec-dispatcher/2.0/plexus-sec-dispatcher-2.0.jar:/home/salvador/.m2/repository/org/codehaus/plexus/plexus-cipher/2.0/plexus-cipher-2.0.jar:/home/salvador/.m2/repository/commons-cli/commons-cli/1.4/commons-cli-1.4.jar:/home/salvador/.m2/repository/org/eclipse/sisu/org.eclipse.sisu.plexus/0.3.5/org.eclipse.sisu.plexus-0.3.5.jar:/home/salvador/.m2/repository/org/apache/maven/maven-settings-builder/3.8.6/maven-settings-builder-3.8.6.jar:/home/salvador/.m2/repository/org/codehaus/plexus/plexus-interpolation/1.26/plexus-interpolation-1.26.jar:/home/salvador/.m2/repository/org/apache/maven/maven-resolver-provider/3.8.6/maven-resolver-provider-3.8.6.jar:/home/salvador/.m2/repository/org/apache/maven/maven-repository-metadata/3.8.6/maven-repository-metadata-3.8.6.jar:/home/salvador/.m2/repository/org/apache/maven/resolver/maven-resolver-spi/1.6.3/maven-resolver-spi-1.6.3.jar:/home/salvador/.m2/repository/org/apache/maven/resolver/maven-resolver-impl/1.6.3/maven-resolver-impl-1.6.3.jar:/home/salvador/.m2/repository/org/codehaus/plexus/plexus-utils/3.3.0/plexus-utils-3.3.0.jar:/home/salvador/.m2/repository/org/apache/maven/resolver/maven-resolver-connector-basic/1.6.3/maven-resolver-connector-basic-1.6.3.jar:/home/salvador/.m2/repository/org/apache/maven/resolver/maven-resolver-transport-wagon/1.6.3/maven-resolver-transport-wagon-1.6.3.jar:/home/salvador/.m2/repository/org/apache/maven/wagon/wagon-http/3.5.1/wagon-http-3.5.1.jar:/home/salvador/.m2/repository/org/apache/maven/wagon/wagon-http-shared/3.5.1/wagon-http-shared-3.5.1.jar:/home/salvador/.m2/repository/org/apache/maven/wagon/wagon-provider-api/3.5.1/wagon-provider-api-3.5.1.jar:/home/salvador/.m2/repository/org/apache/maven/wagon/wagon-file/3.5.1/wagon-file-3.5.1.jar:/home/salvador/.m2/repository/io/quarkus/quarkus-bootstrap-gradle-resolver/2.16.8.Final/quarkus-bootstrap-gradle-resolver-2.16.8.Final.jar:/home/salvador/.m2/repository/io/quarkus/quarkus-junit5-properties/2.16.8.Final/quarkus-junit5-properties-2.16.8.Final.jar:/home/salvador/.m2/repository/org/junit/jupiter/junit-jupiter/5.9.2/junit-jupiter-5.9.2.jar:/home/salvador/.m2/repository/org/junit/jupiter/junit-jupiter-api/5.9.2/junit-jupiter-api-5.9.2.jar:/home/salvador/.m2/repository/org/opentest4j/opentest4j/1.2.0/opentest4j-1.2.0.jar:/home/salvador/.m2/repository/org/junit/platform/junit-platform-commons/1.9.2/junit-platform-commons-1.9.2.jar:/home/salvador/.m2/repository/org/apiguardian/apiguardian-api/1.1.2/apiguardian-api-1.1.2.jar:/home/salvador/.m2/repository/org/junit/jupiter/junit-jupiter-params/5.9.2/junit-jupiter-params-5.9.2.jar:/home/salvador/.m2/repository/org/junit/jupiter/junit-jupiter-engine/5.9.2/junit-jupiter-engine-5.9.2.jar:/home/salvador/.m2/repository/org/junit/platform/junit-platform-engine/1.9.2/junit-platform-engine-1.9.2.jar:/home/salvador/.m2/repository/com/thoughtworks/xstream/xstream/1.4.20/xstream-1.4.20.jar:/home/salvador/.m2/repository/io/github/x-stream/mxparser/1.2.2/mxparser-1.2.2.jar:/home/salvador/.m2/repository/xmlpull/xmlpull/1.1.3.1/xmlpull-1.1.3.1.jar:/home/salvador/.m2/repository/io/quarkus/quarkus-hibernate-validator/2.16.8.Final/quarkus-hibernate-validator-2.16.8.Final.jar:/home/salvador/.m2/repository/org/hibernate/validator/hibernate-validator/6.2.5.Final/hibernate-validator-6.2.5.Final.jar:/home/salvador/.m2/repository/com/fasterxml/classmate/1.5.1/classmate-1.5.1.jar:/home/salvador/.m2/repository/org/glassfish/jakarta.el/3.0.4/jakarta.el-3.0.4.jar:/home/salvador/.m2/repository/io/smallrye/config/smallrye-config-validator/2.13.3/smallrye-config-validator-2.13.3.jar:/home/salvador/.m2/repository/org/jboss/spec/javax/ws/rs/jboss-jaxrs-api_2.1_spec/2.0.1.Final/jboss-jaxrs-api_2.1_spec-2.0.1.Final.jar:/home/salvador/.m2/repository/io/rest-assured/rest-assured/4.5.1/rest-assured-4.5.1.jar:/home/salvador/.m2/repository/org/codehaus/groovy/groovy/3.0.9/groovy-3.0.9.jar:/home/salvador/.m2/repository/org/codehaus/groovy/groovy-xml/3.0.9/groovy-xml-3.0.9.jar:/home/salvador/.m2/repository/org/apache/httpcomponents/httpclient/4.5.14/httpclient-4.5.14.jar:/home/salvador/.m2/repository/commons-codec/commons-codec/1.15/commons-codec-1.15.jar:/home/salvador/.m2/repository/org/apache/httpcomponents/httpmime/4.5.14/httpmime-4.5.14.jar:/home/salvador/.m2/repository/org/hamcrest/hamcrest/2.1/hamcrest-2.1.jar:/home/salvador/.m2/repository/org/ccil/cowan/tagsoup/tagsoup/1.2.1/tagsoup-1.2.1.jar:/home/salvador/.m2/repository/io/rest-assured/json-path/4.5.1/json-path-4.5.1.jar:/home/salvador/.m2/repository/org/codehaus/groovy/groovy-json/3.0.9/groovy-json-3.0.9.jar:/home/salvador/.m2/repository/io/rest-assured/rest-assured-common/4.5.1/rest-assured-common-4.5.1.jar:/home/salvador/.m2/repository/io/rest-assured/xml-path/4.5.1/xml-path-4.5.1.jar:/home/salvador/.m2/repository/org/apache/commons/commons-lang3/3.12.0/commons-lang3-3.12.0.jar:/home/salvador/.m2/repository/io/quarkus/quarkus-smallrye-openapi/2.16.8.Final/quarkus-smallrye-openapi-2.16.8.Final.jar:/home/salvador/.m2/repository/io/smallrye/smallrye-open-api-core/3.1.1/smallrye-open-api-core-3.1.1.jar:/home/salvador/.m2/repository/org/eclipse/microprofile/openapi/microprofile-openapi-api/2.0.1/microprofile-openapi-api-2.0.1.jar:/home/salvador/.m2/repository/com/fasterxml/jackson/dataformat/jackson-dataformat-yaml/2.14.2/jackson-dataformat-yaml-2.14.2.jar:/home/salvador/.m2/repository/org/yaml/snakeyaml/1.33/snakeyaml-1.33.jar:/home/salvador/.m2/repository/io/quarkus/quarkus-swagger-ui/2.16.8.Final/quarkus-swagger-ui-2.16.8.Final.jar:/home/salvador/.m2/repository/org/projectlombok/lombok/1.18.30/lombok-1.18.30.jar:/home/salvador/.m2/repository/io/vavr/vavr/0.10.4/vavr-0.10.4.jar:/home/salvador/.m2/repository/io/vavr/vavr-match/0.10.4/vavr-match-0.10.4.jar:/home/salvador/.m2/repository/com/google/code/gson/gson/2.10.1/gson-2.10.1.jar:/home/salvador/.m2/repository/io/quarkus/quarkus-qute/2.16.8.Final/quarkus-qute-2.16.8.Final.jar:/home/salvador/.m2/repository/io/quarkus/qute/qute-core/2.16.8.Final/qute-core-2.16.8.Final.jar:/home/salvador/.m2/repository/io/quarkus/quarkus-resteasy-qute/2.16.8.Final/quarkus-resteasy-qute-2.16.8.Final.jar:"/>
    <property name="sun.cpu.endian" value="little"/>
    <property name="user.home" value="/home/salvador"/>
    <property name="user.language" value="es"/>
    <property name="java.specification.vendor" value="Oracle Corporation"/>
    <property name="java.version.date" value="2025-01-21"/>
    <property name="java.home" value="/usr/lib/jvm/java-17-amazon-corretto"/>
    <property name="file.separator" value="/"/>
    <property name="basedir" value="/home/salvador/Escritorio/Tarea3"/>
    <property name="java.vm.compressedOopsMode" value="Zero based"/>
    <property name="line.separator" value="&#10;"/>
    <property name="java.vm.specification.vendor" value="Oracle Corporation"/>
    <property name="java.specification.name" value="Java Platform API Specification"/>
    <property name="surefire.real.class.path" value="/home/salvador/Escritorio/Tarea3/target/surefire/surefirebooter-20250228194316383_3.jar"/>
    <property name="sun.management.compiler" value="HotSpot 64-Bit Tiered Compilers"/>
    <property name="java.runtime.version" value="17.0.14+7-LTS"/>
    <property name="user.name" value="salvador"/>
    <property name="path.separator" value=":"/>
    <property name="os.version" value="6.11.0-17-generic"/>
    <property name="java.runtime.name" value="OpenJDK Runtime Environment"/>
    <property name="file.encoding" value="UTF-8"/>
    <property name="java.vm.name" value="OpenJDK 64-Bit Server VM"/>
    <property name="java.vendor.version" value="Corretto-17.0.14.7.1"/>
    <property name="localRepository" value="/home/salvador/.m2/repository"/>
    <property name="java.vendor.url.bug" value="https://github.com/corretto/corretto-17/issues/"/>
    <property name="java.io.tmpdir" value="/tmp"/>
    <property name="java.version" value="17.0.14"/>
    <property name="user.dir" value="/home/salvador/Escritorio/Tarea3"/>
    <property name="os.arch" value="amd64"/>
    <property name="java.vm.specification.name" value="Java Virtual Machine Specification"/>
    <property name="native.encoding" value="UTF-8"/>
    <property name="java.util.logging.manager" value="org.jboss.logmanager.LogManager"/>
    <property name="java.library.path" value="/usr/java/packages/lib:/usr/lib64:/lib64:/lib:/usr/lib"/>
    <property name="java.vm.info" value="mixed mode, sharing"/>
    <property name="java.vendor" value="Amazon.com Inc."/>
    <property name="java.vm.version" value="17.0.14+7-LTS"/>
    <property name="java.specification.maintenance.version" value="1"/>
    <property name="sun.io.unicode.encoding" value="UnicodeLittle"/>
    <property name="java.class.version" value="61.0"/>
  </properties>
  <testcase name="testGetName_INVALID_LINK" classname="mx.com.tarea3.util.error.ErrorCodesEnumTest" time="0.017"/>
  <testcase name="testGetName_NOT_FOUND" classname="mx.com.tarea3.util.error.ErrorCodesEnumTest" time="0.001"/>
  <testcase name="testGetName_ERROR_EN_COMUNICACIONES" classname="mx.com.tarea3.util.error.ErrorCodesEnumTest" time="0.001"/>
  <testcase name="testGetName_CAPA_PERSISTENCIA" classname="mx.com.tarea3.util.error.ErrorCodesEnumTest" time="0.001"/>
  <testcase name="testGetName_BAD_REQUEST" classname="mx.com.tarea3.util.error.ErrorCodesEnumTest" time="0.001"/>
  <testcase name="testGetName_NEW_LINK" classname="mx.com.tarea3.util.error.ErrorCodesEnumTest" time="0.001"/>
  <testcase name="testGetName_ERROR" classname="mx.com.tarea3.util.error.ErrorCodesEnumTest" time="0.001"/>
  <testcase name="testGetName_RNN001" classname="mx.com.tarea3.util.error.ErrorCodesEnumTest" time="0.001"/>
  <testcase name="testGetName_RNS001" classname="mx.com.tarea3.util.error.ErrorCodesEnumTest" time="0.001"/>
  <testcase name="testGetName_RNS002" classname="mx.com.tarea3.util.error.ErrorCodesEnumTest" time="0"/>
  <testcase name="testGetName_RNS004" classname="mx.com.tarea3.util.error.ErrorCodesEnumTest" time="0"/>
</testsuite>